<?xml version="1.0" encoding="UTF-8"?>
<!-- Generated by org.testng.reporters.JUnitXMLReporter -->
<testsuite ignored="0" hostname="DESKTOP-E03M5RK" failures="0" tests="1" name="Test" time="0.104" errors="0" timestamp="2024-12-22T23:36:55 GMT+01:00">
  <testcase classname="com.todos.utils.Setup" name="@BeforeMethod setupTest" time="-1.734907015463E9">
    <failure type="org.testng.TestNGException" message="
Parameter &amp;apos;browser&amp;apos; is required by BeforeMethod on method setupTest but has not been marked @Optional or defined
in C:\Users\MSPF\eclipse-workspace\Selenium-TestNG\removeTodo.xml">
      <![CDATA[org.testng.TestNGException: 
Parameter 'browser' is required by BeforeMethod on method setupTest but has not been marked @Optional or defined
in C:\Users\MSPF\eclipse-workspace\Selenium-TestNG\removeTodo.xml
at java.base/java.util.ArrayList.forEach(ArrayList.java:1597)
... Removed 28 stack frames]]>
    </failure>
  </testcase> <!-- @BeforeMethod setupTest -->
  <testcase classname="com.todos.utils.Setup" name="@AfterMethod cleanTest" time="-1.734907015502E9">
    <skipped/>
  </testcase> <!-- @AfterMethod cleanTest -->
  <testcase classname="com.todos.tests.RemoveTodo" name="iRemoveToDo" time="0.0">
    <skipped/>
  </testcase> <!-- iRemoveToDo -->
</testsuite> <!-- Test -->
