<?xml version="1.0" encoding="UTF-8"?>
<testng-results ignored="0" total="1" passed="1" failed="0" skipped="0">
  <reporter-output>
  </reporter-output>
  <suite started-at="2024-12-20T14:07:40 GMT+01:00" name="Suite" finished-at="2024-12-20T14:07:49 GMT+01:00" duration-ms="8753">
    <groups>
    </groups>
    <test started-at="2024-12-20T14:07:40 GMT+01:00" name="Test" finished-at="2024-12-20T14:07:49 GMT+01:00" duration-ms="8753">
      <class name="com.todos.tests.AddTodoTests">
        <test-method is-config="true" signature="setupTest(java.lang.String)[pri:0, instance:com.todos.tests.AddTodoTests@71a8adcf]" started-at="2024-12-20T14:07:40 GMT+01:00" name="setupTest" finished-at="2024-12-20T14:07:48 GMT+01:00" duration-ms="7853" status="PASS">
          <params>
            <param index="0">
              <value>
                <![CDATA[chrome]]>
              </value>
            </param>
          </params>
          <reporter-output>
          </reporter-output>
        </test-method> <!-- setupTest -->
        <test-method signature="iCanAddToDo()[pri:1, instance:com.todos.tests.AddTodoTests@71a8adcf]" started-at="2024-12-20T14:07:48 GMT+01:00" name="iCanAddToDo" finished-at="2024-12-20T14:07:49 GMT+01:00" duration-ms="713" status="PASS">
          <reporter-output>
          </reporter-output>
        </test-method> <!-- iCanAddToDo -->
        <test-method is-config="true" signature="cleanTest()[pri:0, instance:com.todos.tests.AddTodoTests@71a8adcf]" started-at="2024-12-20T14:07:49 GMT+01:00" name="cleanTest" finished-at="2024-12-20T14:07:49 GMT+01:00" duration-ms="119" status="PASS">
          <reporter-output>
          </reporter-output>
        </test-method> <!-- cleanTest -->
      </class> <!-- com.todos.tests.AddTodoTests -->
    </test> <!-- Test -->
  </suite> <!-- Suite -->
</testng-results>
